2026-03-08 07:02:22,246 NATURALGAS     SIGNAL:BUY_CE Score:4/4 LTP:294.20
2026-03-08 07:02:22,246 NATURALGAS     SIGNAL:BUY_CE Score:4/4 LTP:294.20
2026-03-08 07:02:22,246   OK ConfClose>EMA20
2026-03-08 07:02:22,246   OK ConfClose>EMA20
2026-03-08 07:02:22,246   OK ST-UP
2026-03-08 07:02:22,246   OK ST-UP
2026-03-08 07:02:22,246   OK VWAP
2026-03-08 07:02:22,246   OK VWAP
2026-03-08 07:02:22,246   OK Vol 2.24x
2026-03-08 07:02:22,246   OK Vol 2.24x
2026-03-08 07:02:22,603 LTP err: 401 Client Error: Unauthorized for url: https://api.upstox.com/v2/market-quote/ltp?instrument_key=MCX_FO%7C505122
2026-03-08 07:02:22,603 LTP err: 401 Client Error: Unauthorized for url: https://api.upstox.com/v2/market-quote/ltp?instrument_key=MCX_FO%7C505122
2026-03-08 07:17:22,859 ==============================================================
2026-03-08 07:17:22,859 ==============================================================
2026-03-08 07:17:22,863 SCAN 17:47 | Bal:Rs.70,078 | PnL:Rs.+0 | Open:0/3
2026-03-08 07:17:22,863 SCAN 17:47 | Bal:Rs.70,078 | PnL:Rs.+0 | Open:0/3
2026-03-08 07:17:23,381   CRUDE OIL | LTP:8325.00  ConfClose:8512.00  EMA20:7983.51  ST:1  STL:7617.43  VWAP:7952.48
2026-03-08 07:17:23,381   CRUDE OIL | LTP:8325.00  ConfClose:8512.00  EMA20:7983.51  ST:1  STL:7617.43  VWAP:7952.48
2026-03-08 07:17:23,382   VOL  | Cur:14,891  Avg:9,333  Ratio:1.6x  Spike:True
2026-03-08 07:17:23,382   VOL  | Cur:14,891  Avg:9,333  Ratio:1.6x  Spike:True
2026-03-08 07:17:23,382   CE | EMA20:True(8512>7983.51)  ST:True  VWAP:True  VOL:True  Score:4/4
2026-03-08 07:17:23,382   CE | EMA20:True(8512>7983.51)  ST:True  VWAP:True  VOL:True  Score:4/4
2026-03-08 07:17:23,382   PE | EMA20:False(8512<7983.51)  ST:False  VWAP:False  VOL:True  Score:1/4
2026-03-08 07:17:23,382   PE | EMA20:False(8512<7983.51)  ST:False  VWAP:False  VOL:True  Score:1/4
2026-03-08 07:17:23,382 CRUDE OIL      SIGNAL:BUY_CE Score:4/4 LTP:8325.00
2026-03-08 07:17:23,382 CRUDE OIL      SIGNAL:BUY_CE Score:4/4 LTP:8325.00
2026-03-08 07:17:23,382   OK ConfClose>EMA20
2026-03-08 07:17:23,382   OK ConfClose>EMA20
2026-03-08 07:17:23,382   OK ST-UP
2026-03-08 07:17:23,382   OK ST-UP
2026-03-08 07:17:23,382   OK VWAP
2026-03-08 07:17:23,382   OK VWAP
2026-03-08 07:17:23,382   OK Vol 1.6x
2026-03-08 07:17:23,382   OK Vol 1.6x
2026-03-08 07:17:23,698 LTP err: 401 Client Error: Unauthorized for url: https://api.upstox.com/v2/market-quote/ltp?instrument_key=MCX_FO%7C499143
2026-03-08 07:17:23,698 LTP err: 401 Client Error: Unauthorized for url: https://api.upstox.com/v2/market-quote/ltp?instrument_key=MCX_FO%7C499143
2026-03-08 07:17:24,167   NATURALGAS | LTP:294.20  ConfClose:298.20  EMA20:285.52  ST:1  STL:275.54  VWAP:284.32
2026-03-08 07:17:24,167   NATURALGAS | LTP:294.20  ConfClose:298.20  EMA20:285.52  ST:1  STL:275.54  VWAP:284.32
2026-03-08 07:17:24,167   VOL  | Cur:13,670  Avg:6,111  Ratio:2.24x  Spike:True
2026-03-08 07:17:24,167   VOL  | Cur:13,670  Avg:6,111  Ratio:2.24x  Spike:True
2026-03-08 07:17:24,167   CE | EMA20:True(298>285.52)  ST:True  VWAP:True  VOL:True  Score:4/4
2026-03-08 07:17:24,167   CE | EMA20:True(298>285.52)  ST:True  VWAP:True  VOL:True  Score:4/4
2026-03-08 07:17:24,167   PE | EMA20:False(298<285.52)  ST:False  VWAP:False  VOL:True  Score:1/4
2026-03-08 07:17:24,167   PE | EMA20:False(298<285.52)  ST:False  VWAP:False  VOL:True  Score:1/4
2026-03-08 07:17:24,167 NATURALGAS     SIGNAL:BUY_CE Score:4/4 LTP:294.20
2026-03-08 07:17:24,167 NATURALGAS     SIGNAL:BUY_CE Score:4/4 LTP:294.20
2026-03-08 07:17:24,167   OK ConfClose>EMA20
2026-03-08 07:17:24,167   OK ConfClose>EMA20
2026-03-08 07:17:24,167   OK ST-UP
2026-03-08 07:17:24,167   OK ST-UP
2026-03-08 07:17:24,168   OK VWAP
2026-03-08 07:17:24,168   OK VWAP
2026-03-08 07:17:24,168   OK Vol 2.24x
2026-03-08 07:17:24,168   OK Vol 2.24x
2026-03-08 07:17:24,499 LTP err: 401 Client Error: Unauthorized for url: https://api.upstox.com/v2/market-quote/ltp?instrument_key=MCX_FO%7C505122
2026-03-08 07:17:24,499 LTP err: 401 Client Error: Unauthorized for url: https://api.upstox.com/v2/market-quote/ltp?instrument_key=MCX_FO%7C505122
2026-03-08 07:32:24,773 ==============================================================
2026-03-08 07:32:24,773 ==============================================================
2026-03-08 07:32:24,775 SCAN 18:02 | Bal:Rs.70,078 | PnL:Rs.+0 | Open:0/3
2026-03-08 07:32:24,775 SCAN 18:02 | Bal:Rs.70,078 | PnL:Rs.+0 | Open:0/3
2026-03-08 07:32:25,220   CRUDE OIL | LTP:8325.00  ConfClose:8512.00  EMA20:7983.51  ST:1  STL:7617.43  VWAP:7952.48
2026-03-08 07:32:25,220   CRUDE OIL | LTP:8325.00  ConfClose:8512.00  EMA20:7983.51  ST:1  STL:7617.43  VWAP:7952.48
2026-03-08 07:32:25,221   VOL  | Cur:14,891  Avg:9,333  Ratio:1.6x  Spike:True
2026-03-08 07:32:25,221   VOL  | Cur:14,891  Avg:9,333  Ratio:1.6x  Spike:True
2026-03-08 07:32:25,221   CE | EMA20:True(8512>7983.51)  ST:True  VWAP:True  VOL:True  Score:4/4
2026-03-08 07:32:25,221   CE | EMA20:True(8512>7983.51)  ST:True  VWAP:True  VOL:True  Score:4/4
2026-03-08 07:32:25,221   PE | EMA20:False(8512<7983.51)  ST:False  VWAP:False  VOL:True  Score:1/4
2026-03-08 07:32:25,221   PE | EMA20:False(8512<7983.51)  ST:False  VWAP:False  VOL:True  Score:1/4
2026-03-08 07:32:25,221 CRUDE OIL      SIGNAL:BUY_CE Score:4/4 LTP:8325.00
2026-03-08 07:32:25,221 CRUDE OIL      SIGNAL:BUY_CE Score:4/4 LTP:8325.00
2026-03-08 07:32:25,221   OK ConfClose>EMA20
2026-03-08 07:32:25,221   OK ConfClose>EMA20
2026-03-08 07:32:25,221   OK ST-UP
2026-03-08 07:32:25,221   OK ST-UP
2026-03-08 07:32:25,221   OK VWAP
2026-03-08 07:32:25,221   OK VWAP
2026-03-08 07:32:25,221   OK Vol 1.6x
2026-03-08 07:32:25,221   OK Vol 1.6x
2026-03-08 07:32:25,534 LTP err: 401 Client Error: Unauthorized for url: https://api.upstox.com/v2/market-quote/ltp?instrument_key=MCX_FO%7C499143
2026-03-08 07:32:25,534 LTP err: 401 Client Error: Unauthorized for url: https://api.upstox.com/v2/market-quote/ltp?instrument_key=MCX_FO%7C499143
2026-03-08 07:32:26,084   NATURALGAS | LTP:294.20  ConfClose:298.20  EMA20:285.52  ST:1  STL:275.54  VWAP:284.32
2026-03-08 07:32:26,084   NATURALGAS | LTP:294.20  ConfClose:298.20  EMA20:285.52  ST:1  STL:275.54  VWAP:284.32
2026-03-08 07:32:26,084   VOL  | Cur:13,670  Avg:6,111  Ratio:2.24x  Spike:True
2026-03-08 07:32:26,084   VOL  | Cur:13,670  Avg:6,111  Ratio:2.24x  Spike:True
2026-03-08 07:32:26,084   CE | EMA20:True(298>285.52)  ST:True  VWAP:True  VOL:True  Score:4/4
2026-03-08 07:32:26,084   CE | EMA20:True(298>285.52)  ST:True  VWAP:True  VOL:True  Score:4/4
2026-03-08 07:32:26,084   PE | EMA20:False(298<285.52)  ST:False  VWAP:False  VOL:True  Score:1/4
2026-03-08 07:32:26,084   PE | EMA20:False(298<285.52)  ST:False  VWAP:False  VOL:True  Score:1/4
2026-03-08 07:32:26,084 NATURALGAS     SIGNAL:BUY_CE Score:4/4 LTP:294.20
2026-03-08 07:32:26,084 NATURALGAS     SIGNAL:BUY_CE Score:4/4 LTP:294.20
2026-03-08 07:32:26,084   OK ConfClose>EMA20
2026-03-08 07:32:26,084   OK ConfClose>EMA20
2026-03-08 07:32:26,084   OK ST-UP
2026-03-08 07:32:26,084   OK ST-UP
2026-03-08 07:32:26,085   OK VWAP
2026-03-08 07:32:26,085   OK VWAP
2026-03-08 07:32:26,085   OK Vol 2.24x
2026-03-08 07:32:26,085   OK Vol 2.24x
2026-03-08 07:32:27,021 LTP err: 401 Client Error: Unauthorized for url: https://api.upstox.com/v2/market-quote/ltp?instrument_key=MCX_FO%7C505122
2026-03-08 07:32:27,021 LTP err: 401 Client Error: Unauthorized for url: https://api.upstox.com/v2/market-quote/ltp?instrument_key=MCX_FO%7C505122
