2026-03-05 01:03:47,629 ======================================================================
2026-03-05 01:03:47,629 ======================================================================
2026-03-05 01:03:47,630 SCAN 12:33 | Bal:70,078 | PnL:+0 | Open:0/2 | VIX:18.94  PCR:1.7
2026-03-05 01:03:47,630 SCAN 12:33 | Bal:70,078 | PnL:+0 | Open:0/2 | VIX:18.94  PCR:1.7
2026-03-05 01:03:47,630 --- NIFTY ---
2026-03-05 01:03:47,630 --- NIFTY ---
2026-03-05 01:03:47,759   Only 13 candles — waiting
2026-03-05 01:03:47,759   Only 13 candles — waiting
2026-03-05 01:03:47,759 --- BANKNIFTY ---
2026-03-05 01:03:47,759 --- BANKNIFTY ---
2026-03-05 01:03:48,102   Only 13 candles — waiting
2026-03-05 01:03:48,102   Only 13 candles — waiting
2026-03-05 01:03:48,102 --- FINNIFTY ---
2026-03-05 01:03:48,102 --- FINNIFTY ---
2026-03-05 01:03:48,454   Only 13 candles — waiting
2026-03-05 01:03:48,454   Only 13 candles — waiting
2026-03-05 01:03:48,455   No 5/5 signal — waiting for perfect alignment
2026-03-05 01:03:48,455   No 5/5 signal — waiting for perfect alignment
2026-03-05 01:03:48,457 Next scan in 60s...
2026-03-05 01:03:48,457 Next scan in 60s...
2026-03-05 01:04:48,459 ======================================================================
2026-03-05 01:04:48,459 ======================================================================
2026-03-05 01:04:48,461 SCAN 12:34 | Bal:70,078 | PnL:+0 | Open:0/2 | VIX:18.94  PCR:1.7
2026-03-05 01:04:48,461 SCAN 12:34 | Bal:70,078 | PnL:+0 | Open:0/2 | VIX:18.94  PCR:1.7
2026-03-05 01:04:48,462 --- NIFTY ---
2026-03-05 01:04:48,462 --- NIFTY ---
2026-03-05 01:04:48,605   Only 13 candles — waiting
2026-03-05 01:04:48,605   Only 13 candles — waiting
2026-03-05 01:04:48,605 --- BANKNIFTY ---
2026-03-05 01:04:48,605 --- BANKNIFTY ---
2026-03-05 01:04:49,570   Only 13 candles — waiting
2026-03-05 01:04:49,570   Only 13 candles — waiting
2026-03-05 01:04:49,570 --- FINNIFTY ---
2026-03-05 01:04:49,570 --- FINNIFTY ---
2026-03-05 01:04:49,970   Only 13 candles — waiting
2026-03-05 01:04:49,970   Only 13 candles — waiting
2026-03-05 01:04:49,971   No 5/5 signal — waiting for perfect alignment
2026-03-05 01:04:49,971   No 5/5 signal — waiting for perfect alignment
2026-03-05 01:04:49,972 Next scan in 60s...
2026-03-05 01:04:49,972 Next scan in 60s...
2026-03-05 01:05:49,976 ======================================================================
2026-03-05 01:05:49,976 ======================================================================
2026-03-05 01:05:49,978 SCAN 12:35 | Bal:70,078 | PnL:+0 | Open:0/2 | VIX:18.94  PCR:1.7
2026-03-05 01:05:49,978 SCAN 12:35 | Bal:70,078 | PnL:+0 | Open:0/2 | VIX:18.94  PCR:1.7
2026-03-05 01:05:49,978 --- NIFTY ---
2026-03-05 01:05:49,978 --- NIFTY ---
2026-03-05 01:05:50,094   Only 13 candles — waiting
2026-03-05 01:05:50,094   Only 13 candles — waiting
2026-03-05 01:05:50,094 --- BANKNIFTY ---
2026-03-05 01:05:50,094 --- BANKNIFTY ---
2026-03-05 01:05:50,398   Only 13 candles — waiting
2026-03-05 01:05:50,398   Only 13 candles — waiting
2026-03-05 01:05:50,399 --- FINNIFTY ---
2026-03-05 01:05:50,399 --- FINNIFTY ---
2026-03-05 01:05:50,729   Only 13 candles — waiting
2026-03-05 01:05:50,729   Only 13 candles — waiting
2026-03-05 01:05:50,730   No 5/5 signal — waiting for perfect alignment
2026-03-05 01:05:50,730   No 5/5 signal — waiting for perfect alignment
2026-03-05 01:05:50,732 Next scan in 60s...
2026-03-05 01:05:50,732 Next scan in 60s...
2026-03-05 01:06:50,743 ======================================================================
2026-03-05 01:06:50,743 ======================================================================
2026-03-05 01:06:50,745 SCAN 12:36 | Bal:70,078 | PnL:+0 | Open:0/2 | VIX:18.94  PCR:1.7
2026-03-05 01:06:50,745 SCAN 12:36 | Bal:70,078 | PnL:+0 | Open:0/2 | VIX:18.94  PCR:1.7
2026-03-05 01:06:50,745 --- NIFTY ---
2026-03-05 01:06:50,745 --- NIFTY ---
2026-03-05 01:06:50,851   Only 13 candles — waiting
2026-03-05 01:06:50,851   Only 13 candles — waiting
2026-03-05 01:06:50,851 --- BANKNIFTY ---
2026-03-05 01:06:50,851 --- BANKNIFTY ---
2026-03-05 01:06:51,938   Only 13 candles — waiting
2026-03-05 01:06:51,938   Only 13 candles — waiting
2026-03-05 01:06:51,939 --- FINNIFTY ---
2026-03-05 01:06:51,939 --- FINNIFTY ---
2026-03-05 01:06:52,249   Only 13 candles — waiting
2026-03-05 01:06:52,249   Only 13 candles — waiting
2026-03-05 01:06:52,249   No 5/5 signal — waiting for perfect alignment
2026-03-05 01:06:52,249   No 5/5 signal — waiting for perfect alignment
2026-03-05 01:06:52,250 Next scan in 60s...
2026-03-05 01:06:52,250 Next scan in 60s...
2026-03-05 01:07:52,252 ======================================================================
2026-03-05 01:07:52,252 ======================================================================
2026-03-05 01:07:52,252 SCAN 12:37 | Bal:70,078 | PnL:+0 | Open:0/2 | VIX:18.94  PCR:1.7
2026-03-05 01:07:52,252 SCAN 12:37 | Bal:70,078 | PnL:+0 | Open:0/2 | VIX:18.94  PCR:1.7
2026-03-05 01:07:52,252 --- NIFTY ---
2026-03-05 01:07:52,252 --- NIFTY ---
2026-03-05 01:07:52,362   Only 13 candles — waiting
2026-03-05 01:07:52,362   Only 13 candles — waiting
2026-03-05 01:07:52,362 --- BANKNIFTY ---
2026-03-05 01:07:52,362 --- BANKNIFTY ---
2026-03-05 01:07:52,755   Only 13 candles — waiting
2026-03-05 01:07:52,755   Only 13 candles — waiting
2026-03-05 01:07:52,755 --- FINNIFTY ---
2026-03-05 01:07:52,755 --- FINNIFTY ---
2026-03-05 01:07:53,074   Only 13 candles — waiting
2026-03-05 01:07:53,074   Only 13 candles — waiting
2026-03-05 01:07:53,075   No 5/5 signal — waiting for perfect alignment
2026-03-05 01:07:53,075   No 5/5 signal — waiting for perfect alignment
2026-03-05 01:07:53,076 Next scan in 60s...
2026-03-05 01:07:53,076 Next scan in 60s...
